[26Jul2025 00:00:23.707] [Server thread/WARN] [net.minecraft.server.network.ServerGamePacketListenerImpl/]: RODSQUARE moved too quickly! -10.266603097287316,1.1661092609382138,0.6574172689257693
[26Jul2025 00:05:22.022] [Server thread/WARN] [net.minecraft.server.network.ServerGamePacketListenerImpl/]: RODSQUARE was kicked for floating too long!
[26Jul2025 00:05:22.074] [Server thread/INFO] [net.minecraft.server.network.ServerGamePacketListenerImpl/]: RODSQUARE lost connection: Flying is not enabled on this server
[26Jul2025 00:05:22.074] [Server thread/INFO] [net.minecraft.server.MinecraftServer/]: RODSQUARE left the game
[26Jul2025 00:05:22.074] [Server thread/INFO] [voicechat/]: [voicechat] Disconnecting client RODSQUARE
[26Jul2025 00:05:32.982] [Server thread/INFO] [net.minecraft.server.players.PlayerList/]: RODSQUARE[/127.244.12.29:44215] logged in with entity id 120205 at (-2766.334694310176, 49.11071530842176, -14.989728788249563)
[26Jul2025 00:05:32.989] [Server thread/INFO] [net.minecraft.server.MinecraftServer/]: RODSQUARE joined the game
[26Jul2025 00:05:32.998] [Server thread/INFO] [untamedwilds.UntamedWilds/]: Firing player login event
[26Jul2025 00:05:32.999] [Server thread/INFO] [Jade/]: Syncing config to RODSQUARE (d213f98a-8819-3332-86f9-4d0fa56776af)
[26Jul2025 00:05:33.321] [Server thread/INFO] [voicechat/]: [voicechat] Received secret request of RODSQUARE (18)
[26Jul2025 00:05:33.322] [Server thread/INFO] [voicechat/]: [voicechat] Sent secret to RODSQUARE
[26Jul2025 00:05:46.822] [Server thread/WARN] [net.minecraft.server.network.ServerGamePacketListenerImpl/]: RODSQUARE was kicked for floating too long!
[26Jul2025 00:05:46.879] [Server thread/INFO] [net.minecraft.server.network.ServerGamePacketListenerImpl/]: RODSQUARE lost connection: Flying is not enabled on this server
[26Jul2025 00:05:46.879] [Server thread/INFO] [net.minecraft.server.MinecraftServer/]: RODSQUARE left the game
[26Jul2025 00:05:46.879] [Server thread/INFO] [voicechat/]: [voicechat] Disconnecting client RODSQUARE
[26Jul2025 00:05:55.678] [Server thread/INFO] [net.minecraft.server.players.PlayerList/]: RODSQUARE[/127.244.12.29:59447] logged in with entity id 120406 at (-2766.334694310176, 33.338157252746896, -14.989728788249563)
[26Jul2025 00:05:55.686] [Server thread/INFO] [net.minecraft.server.MinecraftServer/]: RODSQUARE joined the game
[26Jul2025 00:05:55.695] [Server thread/INFO] [untamedwilds.UntamedWilds/]: Firing player login event
[26Jul2025 00:05:55.696] [Server thread/INFO] [Jade/]: Syncing config to RODSQUARE (d213f98a-8819-3332-86f9-4d0fa56776af)
[26Jul2025 00:05:56.048] [Server thread/INFO] [voicechat/]: [voicechat] Received secret request of RODSQUARE (18)
[26Jul2025 00:05:56.049] [Server thread/INFO] [voicechat/]: [voicechat] Sent secret to RODSQUARE
